#
# A fatal error has been detected by the Java Runtime Environment:
#
#  EXCEPTION_UNCAUGHT_CXX_EXCEPTION (0xe06d7363) at pc=0x00007ffafc7aa799, pid=18144, tid=0x0000000000005c78
#
# JRE version: Java(TM) SE Runtime Environment (8.0_171-b11) (build 1.8.0_171-b11)
# Java VM: Java HotSpot(TM) 64-Bit Server VM (25.171-b11 mixed mode windows-amd64 compressed oops)
# Problematic frame:
# C  [KERNELBASE.dll+0x3a799]
#
# Failed to write core dump. Minidumps are not enabled by default on client versions of Windows
#
# If you would like to submit a bug report, please visit:
#   http://bugreport.java.com/bugreport/crash.jsp
# The crash happened outside the Java Virtual Machine in native code.
# See problematic frame for where to report the bug.
#

---------------  T H R E A D  ---------------

Current thread (0x00000000202b6800):  JavaThread "Thread-2" [_thread_in_native, id=23672, stack(0x0000000021a50000,0x0000000021b50000)]

siginfo: ExceptionCode=0xe06d7363, ExceptionInformation=0x0000000019930520 0x0000000021b4b5b0 0x00000000227ab098 0x0000000022500000 

Registers:
RAX=0x0000000000000180, RBX=0x0000000021b4b5b0, RCX=0x0000000000000001, RDX=0x00000000268d1230
RSP=0x0000000021b4b430, RBP=0x0000000000000000, RSI=0x00000000268f1c60, RDI=0x00000000227ab098
R8 =0x0000000022625220, R9 =0x0000000000000005, R10=0x0000000005000005, R11=0x0000000021b4add8
R12=0x00000000000009af, R13=0x0000000000000db0, R14=0x00000000268c7e70, R15=0x0000000000000000
RIP=0x00007ffafc7aa799, EFLAGS=0x0000000000000202

Top of Stack: (sp=0x0000000021b4b430)
0x0000000021b4b430:   00000000267c0000 0000000021b4b5b0
0x0000000021b4b440:   00000000268f1c60 00007ffa00000002
0x0000000021b4b450:   00000001e06d7363 0000000000000000
0x0000000021b4b460:   00007ffafc7aa799 0000000000000004
0x0000000021b4b470:   0000000019930520 0000000021b4b5b0
0x0000000021b4b480:   00000000227ab098 0000000022500000
0x0000000021b4b490:   0000000000000db0 00000000000009af
0x0000000021b4b4a0:   00000000268f1c60 0000000000000000
0x0000000021b4b4b0:   0000000021b4b580 00007ffaff4bf41f
0x0000000021b4b4c0:   00000000227ab098 0000007000000000
0x0000000021b4b4d0:   0000dffde75c0bf1 00000000268e9c70
0x0000000021b4b4e0:   00000000266a9000 0000000022500000
0x0000000021b4b4f0:   00000631ac44cdc6 00000000267c0860
0x0000000021b4b500:   0000000021b4b5b0 00000000508154ca
0x0000000021b4b510:   00000000018da1f0 00000000507d692d
0x0000000021b4b520:   00000000018da1f0 00000000268c7e70 

Instructions: (pc=0x00007ffafc7aa799)
0x00007ffafc7aa779:   8b d1 44 0f 47 c0 44 89 44 24 38 49 c1 e0 03 e8
0x00007ffafc7aa789:   da 4e 05 00 48 8d 4c 24 20 48 ff 15 1f c8 16 00
0x00007ffafc7aa799:   0f 1f 44 00 00 48 8b 8c 24 c0 00 00 00 48 33 cc
0x00007ffafc7aa7a9:   e8 72 ef 04 00 48 81 c4 d8 00 00 00 c3 83 64 24 


Register to memory mapping:

RAX=0x0000000000000180 is an unknown value
RBX=0x0000000021b4b5b0 is pointing into the stack for thread: 0x00000000202b6800
RCX=0x0000000000000001 is an unknown value
RDX=0x00000000268d1230 is an unknown value
RSP=0x0000000021b4b430 is pointing into the stack for thread: 0x00000000202b6800
RBP=0x0000000000000000 is an unknown value
RSI=0x00000000268f1c60 is an unknown value
RDI=0x00000000227ab098 is an unknown value
R8 =0x0000000022625220 is an unknown value
R9 =0x0000000000000005 is an unknown value
R10=0x0000000005000005 is an unknown value
R11=0x0000000021b4add8 is pointing into the stack for thread: 0x00000000202b6800
R12=0x00000000000009af is an unknown value
R13=0x0000000000000db0 is an unknown value
R14=0x00000000268c7e70 is an unknown value
R15=0x0000000000000000 is an unknown value


Stack: [0x0000000021a50000,0x0000000021b50000],  sp=0x0000000021b4b430,  free space=1005k
Native frames: (J=compiled Java code, j=interpreted, Vv=VM code, C=native code)

Java frames: (J=compiled Java code, j=interpreted, Vv=VM code)
j  qualitysoft.qsBarcode.Dll.qsReadBarcode2(Ljava/lang/String;Lqualitysoft/qsBarcode/Barcode2;I)I+0
j  de.di.barcodeserver.barcode.BarcodeProcessor.readBarcodes(Ljava/io/File;I)Ljava/util/List;+106
j  de.di.barcodeserver.profiles.ReadBarcode.run(Lde/di/barcodeserver/elo/ELOClient;Ljava/io/File;Lde/elo/ix/client/WFCollectNode;)V+443
j  de.di.barcodeserver.profiles.ReadBarcode.handleWorkflow(Lde/elo/ix/client/WFCollectNode;)V+28
j  de.di.barcodeserver.app.handlers.WorkflowHandler.handleSchedulable(Lde/di/barcodeserver/jobs/Schedulable;)V+91
j  de.di.barcodeserver.workers.WorkflowWorker.doWork()V+163
j  de.di.barcodeserver.workers.Worker.run()V+8
v  ~StubRoutines::call_stub

---------------  P R O C E S S  ---------------

Java Threads: ( => current thread )
=>0x00000000202b6800 JavaThread "Thread-2" [_thread_in_native, id=23672, stack(0x0000000021a50000,0x0000000021b50000)]
  0x000000001fe5e000 JavaThread "DispatcherThread" [_thread_blocked, id=17696, stack(0x0000000021950000,0x0000000021a50000)]
  0x000000002039f000 JavaThread "Keep-Alive-Timer" daemon [_thread_blocked, id=16392, stack(0x0000000021850000,0x0000000021950000)]
  0x000000001e97a800 JavaThread "Thread-0" [_thread_blocked, id=21480, stack(0x000000001f940000,0x000000001fa40000)]
  0x000000001e740000 JavaThread "Service Thread" daemon [_thread_blocked, id=3936, stack(0x000000001f5d0000,0x000000001f6d0000)]
  0x000000001e6ee000 JavaThread "C1 CompilerThread3" daemon [_thread_blocked, id=16960, stack(0x000000001f4d0000,0x000000001f5d0000)]
  0x000000001e6eb800 JavaThread "C2 CompilerThread2" daemon [_thread_blocked, id=12624, stack(0x000000001f3d0000,0x000000001f4d0000)]
  0x000000001e6e9800 JavaThread "C2 CompilerThread1" daemon [_thread_blocked, id=16156, stack(0x000000001f2d0000,0x000000001f3d0000)]
  0x000000001e6e3000 JavaThread "C2 CompilerThread0" daemon [_thread_blocked, id=18260, stack(0x000000001f1d0000,0x000000001f2d0000)]
  0x000000001e6d3000 JavaThread "JDWP Command Reader" daemon [_thread_in_native, id=12260, stack(0x000000001f0d0000,0x000000001f1d0000)]
  0x000000001e6d0000 JavaThread "JDWP Event Helper Thread" daemon [_thread_blocked, id=19316, stack(0x000000001efd0000,0x000000001f0d0000)]
  0x000000001e6c4800 JavaThread "JDWP Transport Listener: dt_shmem" daemon [_thread_blocked, id=10488, stack(0x000000001eed0000,0x000000001efd0000)]
  0x000000001e6bb800 JavaThread "Attach Listener" daemon [_thread_blocked, id=17524, stack(0x000000001edc0000,0x000000001eec0000)]
  0x000000001e6ba000 JavaThread "Signal Dispatcher" daemon [_thread_blocked, id=5140, stack(0x000000001ecc0000,0x000000001edc0000)]
  0x000000001e6b0800 JavaThread "Finalizer" daemon [_thread_blocked, id=11212, stack(0x000000001ea90000,0x000000001eb90000)]
  0x0000000002de9000 JavaThread "Reference Handler" daemon [_thread_blocked, id=18448, stack(0x000000001e590000,0x000000001e690000)]
  0x0000000002cf3800 JavaThread "main" [_thread_blocked, id=13428, stack(0x0000000002bf0000,0x0000000002cf0000)]

Other Threads:
  0x000000001c799000 VMThread [stack: 0x000000001e490000,0x000000001e590000] [id=1004]
  0x000000001e742800 WatcherThread [stack: 0x000000001f840000,0x000000001f940000] [id=16540]

VM state:not at safepoint (normal execution)

VM Mutex/Monitor currently owned by a thread: None

Heap:
 PSYoungGen      total 75776K, used 31342K [0x000000076b780000, 0x0000000770c00000, 0x00000007c0000000)
  eden space 65024K, 48% used [0x000000076b780000,0x000000076d61bb50,0x000000076f700000)
  from space 10752K, 0% used [0x0000000770180000,0x0000000770180000,0x0000000770c00000)
  to   space 10752K, 0% used [0x000000076f700000,0x000000076f700000,0x0000000770180000)
 ParOldGen       total 173568K, used 0K [0x00000006c2600000, 0x00000006ccf80000, 0x000000076b780000)
  object space 173568K, 0% used [0x00000006c2600000,0x00000006c2600000,0x00000006ccf80000)
 Metaspace       used 11665K, capacity 11896K, committed 12288K, reserved 1060864K
  class space    used 1612K, capacity 1692K, committed 1792K, reserved 1048576K

Card table byte_map: [0x00000000121b0000,0x00000000129a0000] byte_map_base: 0x000000000eb9d000

Marking Bits: (ParMarkBitMap*) 0x0000000076fb08c0
 Begin Bits: [0x00000000136f0000, 0x0000000017658000)
 End Bits:   [0x0000000017658000, 0x000000001b5c0000)

Polling page: 0x0000000000bf0000

CodeCache: size=245760Kb used=2817Kb max_used=2817Kb free=242942Kb
 bounds [0x0000000002df0000, 0x00000000030c0000, 0x0000000011df0000]
 total_blobs=932 nmethods=624 adapters=229
 compilation: enabled

Compilation events (10 events):
Event: 2.515 Thread 0x000000001e6ee000  620       3       org.apache.log4j.helpers.PatternConverter::format (127 bytes)
Event: 2.516 Thread 0x000000001e6ee000 nmethod 620 0x000000000309af90 code [0x000000000309b1e0, 0x000000000309c528]
Event: 2.516 Thread 0x000000001e6ee000  621       3       org.apache.log4j.helpers.PatternParser$LiteralPatternConverter::format (10 bytes)
Event: 2.516 Thread 0x000000001e6ee000 nmethod 621 0x000000000309cbd0 code [0x000000000309cd40, 0x000000000309d188]
Event: 2.516 Thread 0x000000001e6ee000  623       3       java.text.SimpleDateFormat::subFormat (1260 bytes)
Event: 2.522 Thread 0x000000001e6ee000 nmethod 623 0x000000000309d310 code [0x000000000309dda0, 0x00000000030a7928]
Event: 2.522 Thread 0x000000001e6ee000  624       3       java.util.Calendar::getDisplayName (154 bytes)
Event: 2.523 Thread 0x000000001e6ee000 nmethod 624 0x00000000030af310 code [0x00000000030af580, 0x00000000030b04e8]
Event: 2.523 Thread 0x000000001e6ee000  622       1       java.util.Calendar::getZone (5 bytes)
Event: 2.523 Thread 0x000000001e6ee000 nmethod 622 0x00000000030b0bd0 code [0x00000000030b0d20, 0x00000000030b0e30]

GC Heap History (0 events):
No events

Deoptimization events (2 events):
Event: 0.617 Thread 0x000000001e97a800 Uncommon trap: reason=predicate action=maybe_recompile pc=0x0000000002ffd770 method=sun.net.www.ParseUtil.encodePath(Ljava/lang/String;Z)Ljava/lang/String; @ 36
Event: 0.770 Thread 0x000000001e97a800 Uncommon trap: reason=unstable_if action=reinterpret pc=0x0000000002fb3a7c method=java.lang.String.indexOf([CII[CIII)I @ 3

Classes redefined (0 events):
No events

Internal exceptions (10 events):
Event: 0.116 Thread 0x0000000002cf3800 Exception <a 'java/security/PrivilegedActionException'> (0x000000076b84e2e8) thrown at [C:\re\workspace\8-2-build-windows-amd64-cygwin\jdk8u171\10807\hotspot\src\share\vm\prims\jvm.cpp, line 1435]
Event: 0.116 Thread 0x0000000002cf3800 Exception <a 'java/security/PrivilegedActionException'> (0x000000076b84e4f8) thrown at [C:\re\workspace\8-2-build-windows-amd64-cygwin\jdk8u171\10807\hotspot\src\share\vm\prims\jvm.cpp, line 1435]
Event: 0.116 Thread 0x0000000002cf3800 Exception <a 'java/security/PrivilegedActionException'> (0x000000076b84f568) thrown at [C:\re\workspace\8-2-build-windows-amd64-cygwin\jdk8u171\10807\hotspot\src\share\vm\prims\jvm.cpp, line 1435]
Event: 0.116 Thread 0x0000000002cf3800 Exception <a 'java/security/PrivilegedActionException'> (0x000000076b84f778) thrown at [C:\re\workspace\8-2-build-windows-amd64-cygwin\jdk8u171\10807\hotspot\src\share\vm\prims\jvm.cpp, line 1435]
Event: 0.159 Thread 0x0000000002cf3800 Exception <a 'java/security/PrivilegedActionException'> (0x000000076bb89ba8) thrown at [C:\re\workspace\8-2-build-windows-amd64-cygwin\jdk8u171\10807\hotspot\src\share\vm\prims\jvm.cpp, line 1435]
Event: 0.159 Thread 0x0000000002cf3800 Exception <a 'java/security/PrivilegedActionException'> (0x000000076bb89db8) thrown at [C:\re\workspace\8-2-build-windows-amd64-cygwin\jdk8u171\10807\hotspot\src\share\vm\prims\jvm.cpp, line 1435]
Event: 0.160 Thread 0x0000000002cf3800 Exception <a 'java/security/PrivilegedActionException'> (0x000000076bb8dcc8) thrown at [C:\re\workspace\8-2-build-windows-amd64-cygwin\jdk8u171\10807\hotspot\src\share\vm\prims\jvm.cpp, line 1435]
Event: 0.160 Thread 0x0000000002cf3800 Exception <a 'java/security/PrivilegedActionException'> (0x000000076bb8ded8) thrown at [C:\re\workspace\8-2-build-windows-amd64-cygwin\jdk8u171\10807\hotspot\src\share\vm\prims\jvm.cpp, line 1435]
Event: 0.586 Thread 0x000000001e97a800 Exception <a 'java/lang/NoSuchFieldError': method resolution failed> (0x000000076cec7e18) thrown at [C:\re\workspace\8-2-build-windows-amd64-cygwin\jdk8u171\10807\hotspot\src\share\vm\prims\methodHandles.cpp, line 1167]
Event: 0.587 Thread 0x000000001e97a800 Exception <a 'java/lang/NoSuchFieldError': method resolution failed> (0x000000076ced5508) thrown at [C:\re\workspace\8-2-build-windows-amd64-cygwin\jdk8u171\10807\hotspot\src\share\vm\prims\methodHandles.cpp, line 1167]

Events (10 events):
Event: 2.516 Thread 0x00000000202b6800 DEOPT PACKING pc=0x0000000002f5e34c sp=0x0000000021b4dd00
Event: 2.516 Thread 0x00000000202b6800 DEOPT UNPACKING pc=0x0000000002e37890 sp=0x0000000021b4db20 mode 1
Event: 2.516 loading class qualitysoft/qsBarcode/TwoDimResult
Event: 2.516 loading class qualitysoft/qsBarcode/TwoDimResult done
Event: 2.516 Thread 0x00000000202b6800 DEOPT PACKING pc=0x0000000002f7eac9 sp=0x0000000021b4da80
Event: 2.516 Thread 0x00000000202b6800 DEOPT UNPACKING pc=0x0000000002e37890 sp=0x0000000021b4d7d0 mode 1
Event: 2.516 Thread 0x00000000202b6800 DEOPT PACKING pc=0x0000000002f5e5b4 sp=0x0000000021b4db00
Event: 2.516 Thread 0x00000000202b6800 DEOPT UNPACKING pc=0x0000000002e37890 sp=0x0000000021b4d920 mode 1
Event: 2.516 Thread 0x00000000202b6800 DEOPT PACKING pc=0x0000000002f5e34c sp=0x0000000021b4dc90
Event: 2.516 Thread 0x00000000202b6800 DEOPT UNPACKING pc=0x0000000002e37890 sp=0x0000000021b4dab0 mode 1


Dynamic libraries:
0x00007ff60ad80000 - 0x00007ff60adb7000 	C:\Program Files\Java\jdk1.8.0_171\bin\java.exe
0x00007ffaff4a0000 - 0x00007ffaff690000 	C:\WINDOWS\SYSTEM32\ntdll.dll
0x00007ffaff320000 - 0x00007ffaff3d2000 	C:\WINDOWS\System32\KERNEL32.DLL
0x00007ffafc770000 - 0x00007ffafca14000 	C:\WINDOWS\System32\KERNELBASE.dll
0x00007ffafcf10000 - 0x00007ffafcfb3000 	C:\WINDOWS\System32\ADVAPI32.dll
0x00007ffafdba0000 - 0x00007ffafdc3e000 	C:\WINDOWS\System32\msvcrt.dll
0x00007ffafd800000 - 0x00007ffafd897000 	C:\WINDOWS\System32\sechost.dll
0x00007ffafecf0000 - 0x00007ffafee10000 	C:\WINDOWS\System32\RPCRT4.dll
0x00007ffafd920000 - 0x00007ffafdab4000 	C:\WINDOWS\System32\USER32.dll
0x00007ffafc5c0000 - 0x00007ffafc5e1000 	C:\WINDOWS\System32\win32u.dll
0x00007ffafdac0000 - 0x00007ffafdae6000 	C:\WINDOWS\System32\GDI32.dll
0x00007ffafca20000 - 0x00007ffafcbb4000 	C:\WINDOWS\System32\gdi32full.dll
0x00007ffafc5f0000 - 0x00007ffafc68e000 	C:\WINDOWS\System32\msvcp_win.dll
0x00007ffafc4c0000 - 0x00007ffafc5ba000 	C:\WINDOWS\System32\ucrtbase.dll
0x00007ffae11e0000 - 0x00007ffae1464000 	C:\WINDOWS\WinSxS\amd64_microsoft.windows.common-controls_6595b64144ccf1df_6.0.18362.836_none_e6c4b943130f18ed\COMCTL32.dll
0x00007ffafee80000 - 0x00007ffaff1b6000 	C:\WINDOWS\System32\combase.dll
0x00007ffafc690000 - 0x00007ffafc710000 	C:\WINDOWS\System32\bcryptPrimitives.dll
0x00007ffafcee0000 - 0x00007ffafcf0e000 	C:\WINDOWS\System32\IMM32.DLL
0x0000000077f20000 - 0x0000000077ff2000 	C:\Program Files\Java\jdk1.8.0_171\jre\bin\msvcr100.dll
0x0000000076790000 - 0x0000000077030000 	C:\Program Files\Java\jdk1.8.0_171\jre\bin\server\jvm.dll
0x00007ffafe7c0000 - 0x00007ffafe7c8000 	C:\WINDOWS\System32\PSAPI.DLL
0x00007ffaeddc0000 - 0x00007ffaeddc9000 	C:\WINDOWS\SYSTEM32\WSOCK32.dll
0x00007ffafee10000 - 0x00007ffafee7f000 	C:\WINDOWS\System32\WS2_32.dll
0x00007ffaf9af0000 - 0x00007ffaf9b14000 	C:\WINDOWS\SYSTEM32\WINMM.dll
0x00007ffaf2500000 - 0x00007ffaf250a000 	C:\WINDOWS\SYSTEM32\VERSION.dll
0x00007ffaf9ac0000 - 0x00007ffaf9aed000 	C:\WINDOWS\SYSTEM32\winmmbase.dll
0x00007ffafbc10000 - 0x00007ffafbc5a000 	C:\WINDOWS\System32\cfgmgr32.dll
0x0000000077ed0000 - 0x0000000077edf000 	C:\Program Files\Java\jdk1.8.0_171\jre\bin\verify.dll
0x0000000077ea0000 - 0x0000000077ec9000 	C:\Program Files\Java\jdk1.8.0_171\jre\bin\java.dll
0x0000000077900000 - 0x0000000077935000 	C:\Program Files\Java\jdk1.8.0_171\jre\bin\jdwp.dll
0x0000000074f10000 - 0x0000000074f18000 	C:\Program Files\Java\jdk1.8.0_171\jre\bin\npt.dll
0x0000000077e80000 - 0x0000000077e96000 	C:\Program Files\Java\jdk1.8.0_171\jre\bin\zip.dll
0x00007ffafdc60000 - 0x00007ffafe344000 	C:\WINDOWS\System32\SHELL32.dll
0x00007ffafdaf0000 - 0x00007ffafdb99000 	C:\WINDOWS\System32\shcore.dll
0x00007ffafbc90000 - 0x00007ffafc40e000 	C:\WINDOWS\System32\windows.storage.dll
0x00007ffafb9e0000 - 0x00007ffafba03000 	C:\WINDOWS\System32\profapi.dll
0x00007ffafba30000 - 0x00007ffafba7a000 	C:\WINDOWS\System32\powrprof.dll
0x00007ffafb9d0000 - 0x00007ffafb9e0000 	C:\WINDOWS\System32\UMPDC.dll
0x00007ffaff2c0000 - 0x00007ffaff312000 	C:\WINDOWS\System32\shlwapi.dll
0x00007ffafba80000 - 0x00007ffafba91000 	C:\WINDOWS\System32\kernel.appcore.dll
0x00007ffafbbf0000 - 0x00007ffafbc07000 	C:\WINDOWS\System32\cryptsp.dll
0x0000000077940000 - 0x000000007794b000 	C:\Program Files\Java\jdk1.8.0_171\jre\bin\dt_shmem.dll
0x0000000077e60000 - 0x0000000077e7a000 	C:\Program Files\Java\jdk1.8.0_171\jre\bin\net.dll
0x00007ffafb1e0000 - 0x00007ffafb247000 	C:\WINDOWS\system32\mswsock.dll
0x00007ffafaf30000 - 0x00007ffafaffb000 	C:\WINDOWS\SYSTEM32\DNSAPI.dll
0x00007ffaff1c0000 - 0x00007ffaff1c8000 	C:\WINDOWS\System32\NSI.dll
0x00007ffafaef0000 - 0x00007ffafaf2a000 	C:\WINDOWS\SYSTEM32\IPHLPAPI.DLL
0x00007ffaf12f0000 - 0x00007ffaf12fa000 	C:\Windows\System32\rasadhlp.dll
0x00007ffaf79c0000 - 0x00007ffaf7a37000 	C:\WINDOWS\System32\fwpuclnt.dll
0x00007ffafbc60000 - 0x00007ffafbc86000 	C:\WINDOWS\System32\bcrypt.dll
0x0000000180000000 - 0x0000000180012000 	C:\Program Files\Java\jdk1.8.0_171\bin\qsBCJava.dll
0x0000000021c50000 - 0x0000000022132000 	C:\Program Files\Java\jdk1.8.0_171\bin\QSBarDLL_F.dll
0x0000000022150000 - 0x00000000224e4000 	C:\Program Files\Java\jdk1.8.0_171\bin\FreeImage.dll
0x0000000022500000 - 0x00000000266f2000 	C:\Program Files\Java\jdk1.8.0_171\bin\pstilldll64.dll
0x00000000507d0000 - 0x0000000050873000 	C:\WINDOWS\WinSxS\amd64_microsoft.vc90.crt_1fc8b3b9a1e18e3b_9.0.30729.9619_none_08e065a3a84109b0\MSVCR90.dll
0x00007ffaea080000 - 0x00007ffaea274000 	C:\WINDOWS\SYSTEM32\dbghelp.dll

VM Arguments:
jvm_args: -Xdebug -Xrunjdwp:transport=dt_shmem,address=javadebug -Dfile.encoding=UTF-8 
java_command: de.di.barcodeserver.app.Main
java_class_path (initial): D:\NB_Projects\lib\BARCODEserver\BARCODEserver\commons-httpclient-3.1.jar;D:\NB_Projects\lib\BARCODEserver\BARCODEserver\commons-io-2.4.jar;D:\NB_Projects\lib\BARCODEserver\BARCODEserver\commons-lang3-3.1.jar;D:\NB_Projects\lib\BARCODEserver\BARCODEserver\eloix.jar;D:\NB_Projects\lib\BARCODEserver\BARCODEserver\log4j-1.2.15.jar;D:\NB_Projects\lib\BARCODEserver\BARCODEserver\standard.jar;D:\NB_Projects\lib\BARCODEserver\BARCODEserver\commons-codec-1.6.jar;D:\NB_Projects\lib\BARCODEserver\BARCODEserver\itext-2.1.7.jar;D:\NB_Projects\lib\BARCODEserver\BARCODEserver\pdfbox-app-1.8.2.jar;D:\NB_Projects\lib\BARCODEserver\BARCODEserver\javautils.jar;D:\NB_Projects\lib\BARCODEserver\BARCODEserver\DokInform.jar;C:\Users\samir.lebaal\Documents\NetBeansProjects\BARCODEserver\BARCODEserver\build\classes
Launcher Type: SUN_STANDARD

Environment Variables:
JAVA_HOME=C:\Program Files\Java\jdk1.8.0_171
PATH=C:\Program Files\ELO Java Client\bin;C:\Program Files (x86)\Common Files\Oracle\Java\javapath;C:\ProgramData\Oracle\Java\javapath;C:\xampp\Ruby\bin;C:\DevKit\bin;C:\DevKit\mingw\bin;C:\xampp\Ruby\ImageMagick-6.8.5;D:\ELOprofessional\prog\javaClient\ELO Java Client\bin;D:\ELOprofessional\prog\javaClient\ELO Java Client;C:\Program Files (x86)\Intel\iCLS Client\;C:\Program Files\Intel\iCLS Client\;C:\WINDOWS\system32;C:\WINDOWS;C:\WINDOWS\System32\Wbem;C:\WINDOWS\System32\WindowsPowerShell\v1.0\;C:\Program Files (x86)\Intel\OpenCL SDK\2.0\bin\x86;C:\Program Files (x86)\Intel\OpenCL SDK\2.0\bin\x64;C:\Program Files (x86)\WinSCP\;D:\DEV\doxygen\bin;D:\nodejs\;C:\Program Files (x86)\Java\jre7\bin;C:\Program Files (x86)\Java\jre6\bin;C:\Program Files (x86)\Java\jdk1.6.0_45\bin;C:\Program Files (x86)\Java\jdk1.7.0_80\bin;C:\Program Files (x86)\Java\jre1.8.0_45\bin;C:\Program Files (x86)\Skype\Phone\,%CATALINA_HOME%\bin;%JAVA_HOME%\bin;C:\Program Files (x86)\Microsoft SQL Server\120\DTS\Binn;%CATALINA_HOME%\bin;C:\Program Files\Apache Software Foundation\Tomcat 7.0\bin;D:\OpenSSL-Win64\bin;C:\Program Files\cURL\bin;C:\Program Files\ActiveBarcode;C:\Program Files (x86)\Bitvise SSH Client;C:\Program Files\PostgreSQL\9.6\bin;C:\Program Files\SQL Anywhere 17\bin64;C:\Program Files\SQL Anywhere 17\bin32;C:\Program Files\IDM Computer Solutions\UltraEdit;C:\WINDOWS\System32\OpenSSH\;C:\Program Files\Microsoft SQL Server\Client SDK\ODBC\130\Tools\Binn\;C:\Program Files (x86)\Microsoft SQL Server\130\Tools\Binn\;C:\Program Files\Microsoft SQL Server\130\Tools\Binn\;C:\Program Files\Microsoft SQL Server\130\DTS\Binn\;C:\Program Files (x86)\Microsoft SQL Server\150\DTS\Binn\;C:\Users\samir.lebaal\AppData\Local\Microsoft\WindowsApps;
USERNAME=samir.lebaal
OS=Windows_NT
PROCESSOR_IDENTIFIER=Intel64 Family 6 Model 58 Stepping 9, GenuineIntel



---------------  S Y S T E M  ---------------

OS: Windows 10.0 , 64 bit Build 18362 (10.0.18362.778)

CPU:total 8 (initial active 8) (4 cores per cpu, 2 threads per core) family 6 model 58 stepping 9, cmov, cx8, fxsr, mmx, sse, sse2, sse3, ssse3, sse4.1, sse4.2, popcnt, avx, aes, clmul, erms, ht, tsc, tscinvbit, tscinv

Memory: 4k page, physical 16621024k(4871332k free), swap 16621024k(26552k free)

vm_info: Java HotSpot(TM) 64-Bit Server VM (25.171-b11) for windows-amd64 JRE (1.8.0_171-b11), built on Mar 28 2018 16:06:12 by "java_re" with MS VC++ 10.0 (VS2010)

time: Thu Jun 04 14:42:38 2020
elapsed time: 2 seconds (0d 0h 0m 2s)

