#
# There is insufficient memory for the Java Runtime Environment to continue.
# Native memory allocation (malloc) failed to allocate 215728 bytes for Chunk::new
# Possible reasons:
#   The system is out of physical RAM or swap space
#   In 32 bit mode, the process size limit was hit
# Possible solutions:
#   Reduce memory load on the system
#   Increase physical memory or swap space
#   Check if swap backing store is full
#   Use 64 bit Java on a 64 bit OS
#   Decrease Java heap size (-Xmx/-Xms)
#   Decrease number of Java threads
#   Decrease Java thread stack sizes (-Xss)
#   Set larger code cache with -XX:ReservedCodeCacheSize=
# This output file may be truncated or incomplete.
#
#  Out of Memory Error (allocation.cpp:390), pid=135240, tid=0x00000000000206a0
#
# JRE version: Java(TM) SE Runtime Environment (8.0_171-b11) (build 1.8.0_171-b11)
# Java VM: Java HotSpot(TM) 64-Bit Server VM (25.171-b11 mixed mode windows-amd64 compressed oops)
# Failed to write core dump. Minidumps are not enabled by default on client versions of Windows
#

---------------  T H R E A D  ---------------

Current thread (0x000000001de12800):  JavaThread "C2 CompilerThread0" daemon [_thread_in_native, id=132768, stack(0x000000001e8f0000,0x000000001e9f0000)]

Stack: [0x000000001e8f0000,0x000000001e9f0000]
[error occurred during error reporting (printing stack bounds), id 0xc0000005]

Native frames: (J=compiled Java code, j=interpreted, Vv=VM code, C=native code)


Current CompileTask:
C2:   5132 1042 %     4       sun.net.www.ParseUtil::encodePath @ 29 (336 bytes)


---------------  P R O C E S S  ---------------

Java Threads: ( => current thread )
  0x000000001f593800 JavaThread "ixclient-2" [_thread_blocked, id=131680, stack(0x0000000021070000,0x0000000021170000)]
  0x000000001fe4e000 JavaThread "ixclient-1" [_thread_in_Java, id=135344, stack(0x0000000020e70000,0x0000000020f70000)]
  0x000000001e05d800 JavaThread "Thread-0" [_thread_blocked, id=135248, stack(0x000000001f060000,0x000000001f160000)]
  0x000000001de70800 JavaThread "Service Thread" daemon [_thread_blocked, id=126012, stack(0x000000001ecf0000,0x000000001edf0000)]
  0x000000001de1d800 JavaThread "C1 CompilerThread3" daemon [_thread_blocked, id=50680, stack(0x000000001ebf0000,0x000000001ecf0000)]
  0x000000001de1b000 JavaThread "C2 CompilerThread2" daemon [_thread_blocked, id=127676, stack(0x000000001eaf0000,0x000000001ebf0000)]
  0x000000001de19000 JavaThread "C2 CompilerThread1" daemon [_thread_blocked, id=132796, stack(0x000000001e9f0000,0x000000001eaf0000)]
=>0x000000001de12800 JavaThread "C2 CompilerThread0" daemon [_thread_in_native, id=132768, stack(0x000000001e8f0000,0x000000001e9f0000)]
  0x000000001de02800 JavaThread "JDWP Command Reader" daemon [_thread_in_native, id=60240, stack(0x000000001e7f0000,0x000000001e8f0000)]
  0x000000001de01800 JavaThread "JDWP Event Helper Thread" daemon [_thread_blocked, id=39340, stack(0x000000001e6f0000,0x000000001e7f0000)]
  0x000000001ddfe000 JavaThread "JDWP Transport Listener: dt_shmem" daemon [_thread_blocked, id=119928, stack(0x000000001e5f0000,0x000000001e6f0000)]
  0x000000001ddf4000 JavaThread "Attach Listener" daemon [_thread_blocked, id=134668, stack(0x000000001e4f0000,0x000000001e5f0000)]
  0x000000001ddf3000 JavaThread "Signal Dispatcher" daemon [_thread_blocked, id=134312, stack(0x000000001e3f0000,0x000000001e4f0000)]
  0x000000001dde0800 JavaThread "Finalizer" daemon [_thread_blocked, id=21456, stack(0x000000001e1c0000,0x000000001e2c0000)]
  0x0000000002509000 JavaThread "Reference Handler" daemon [_thread_blocked, id=132156, stack(0x000000001dcc0000,0x000000001ddc0000)]
  0x0000000002413800 JavaThread "main" [_thread_blocked, id=21944, stack(0x0000000002310000,0x0000000002410000)]

Other Threads:
  0x000000001beb9800 VMThread [stack: 0x000000001dbc0000,0x000000001dcc0000] [id=82236]
  0x000000001dec5000 WatcherThread [stack: 0x000000001ef60000,0x000000001f060000] [id=136120]

VM state:not at safepoint (normal execution)

VM Mutex/Monitor currently owned by a thread: None

Heap:
 PSYoungGen      total 75776K, used 41662K [0x000000076b780000, 0x0000000770c00000, 0x00000007c0000000)
  eden space 65024K, 64% used [0x000000076b780000,0x000000076e02faf8,0x000000076f700000)
  from space 10752K, 0% used [0x0000000770180000,0x0000000770180000,0x0000000770c00000)
  to   space 10752K, 0% used [0x000000076f700000,0x000000076f700000,0x0000000770180000)
 ParOldGen       total 173568K, used 0K [0x00000006c2600000, 0x00000006ccf80000, 0x000000076b780000)
  object space 173568K, 0% used [0x00000006c2600000,0x00000006c2600000,0x00000006ccf80000)
 Metaspace       used 12840K, capacity 13122K, committed 13440K, reserved 1060864K
  class space    used 1458K, capacity 1577K, committed 1664K, reserved 1048576K

Card table byte_map: [0x00000000118d0000,0x00000000120c0000] byte_map_base: 0x000000000e2bd000

Marking Bits: (ParMarkBitMap*) 0x000000005da008c0
 Begin Bits: [0x0000000012e10000, 0x0000000016d78000)
 End Bits:   [0x0000000016d78000, 0x000000001ace0000)

Polling page: 0x00000000001f0000

CodeCache: size=245760Kb used=3856Kb max_used=3856Kb free=241904Kb
 bounds [0x0000000002510000, 0x00000000028e0000, 0x0000000011510000]
 total_blobs=1402 nmethods=1048 adapters=275
 compilation: enabled

Compilation events (10 events):
Event: 5.116 Thread 0x000000001de1d800 1045       3       java.util.ArrayList$Itr::next (66 bytes)
Event: 5.116 Thread 0x000000001de1d800 nmethod 1045 0x00000000028caa10 code [0x00000000028cabe0, 0x00000000028cb0c8]
Event: 5.120 Thread 0x000000001de1d800 1046       3       java.lang.ref.SoftReference::<init> (13 bytes)
Event: 5.120 Thread 0x000000001de1d800 nmethod 1046 0x00000000028ca450 code [0x00000000028ca5c0, 0x00000000028ca8b0]
Event: 5.120 Thread 0x000000001de1d800 1048       3       java.lang.reflect.Constructor::setConstructorAccessor (21 bytes)
Event: 5.121 Thread 0x000000001de1d800 nmethod 1048 0x00000000028c9dd0 code [0x00000000028c9f40, 0x00000000028ca308]
Event: 5.121 Thread 0x000000001de1d800 1047       1       java.lang.reflect.Constructor::getConstructorAccessor (5 bytes)
Event: 5.121 Thread 0x000000001de1d800 nmethod 1047 0x00000000028c9b10 code [0x00000000028c9c60, 0x00000000028c9d70]
Event: 5.123 Thread 0x000000001de1d800 1049       3       sun.reflect.ConstructorAccessorImpl::<init> (5 bytes)
Event: 5.123 Thread 0x000000001de1d800 nmethod 1049 0x00000000028c9690 code [0x00000000028c9800, 0x00000000028c9a10]

GC Heap History (0 events):
No events

Deoptimization events (5 events):
Event: 4.634 Thread 0x000000001f593800 Uncommon trap: reason=unstable_if action=reinterpret pc=0x000000000267171c method=java.lang.String.startsWith(Ljava/lang/String;I)Z @ 25
Event: 4.800 Thread 0x000000001f593800 Uncommon trap: reason=class_check action=maybe_recompile pc=0x00000000027f1a7c method=java.util.regex.Pattern$BmpCharProperty.match(Ljava/util/regex/Matcher;ILjava/lang/CharSequence;)Z @ 31
Event: 4.800 Thread 0x000000001f593800 Uncommon trap: reason=unstable_if action=reinterpret pc=0x00000000027f19e0 method=java.util.regex.Pattern$BmpCharProperty.match(Ljava/util/regex/Matcher;ILjava/lang/CharSequence;)Z @ 5
Event: 4.899 Thread 0x000000001fe4e000 Uncommon trap: reason=unstable_if action=reinterpret pc=0x00000000027b1a20 method=java.lang.CharacterDataLatin1.digit(II)I @ 82
Event: 4.899 Thread 0x000000001fe4e000 Uncommon trap: reason=unstable_if action=reinterpret pc=0x00000000027aad6c method=java.lang.CharacterDataLatin1.digit(II)I @ 82

Classes redefined (0 events):
No events

Internal exceptions (10 events):
Event: 0.034 Thread 0x0000000002413800 Exception <a 'java/lang/NoSuchMethodError': Method sun.misc.Unsafe.prefetchRead(Ljava/lang/Object;J)V name or signature does not match> (0x000000076b787f98) thrown at [C:\re\workspace\8-2-build-windows-amd64-cygwin\jdk8u171\10807\hotspot\src\share\vm\prim
Event: 0.208 Thread 0x0000000002413800 Exception <a 'java/io/FileNotFoundException'> (0x000000076b7e0c30) thrown at [C:\re\workspace\8-2-build-windows-amd64-cygwin\jdk8u171\10807\hotspot\src\share\vm\prims\jni.cpp, line 709]
Event: 0.262 Thread 0x0000000002413800 Exception <a 'java/security/PrivilegedActionException'> (0x000000076bb63140) thrown at [C:\re\workspace\8-2-build-windows-amd64-cygwin\jdk8u171\10807\hotspot\src\share\vm\prims\jvm.cpp, line 1435]
Event: 0.262 Thread 0x0000000002413800 Exception <a 'java/security/PrivilegedActionException'> (0x000000076bb63350) thrown at [C:\re\workspace\8-2-build-windows-amd64-cygwin\jdk8u171\10807\hotspot\src\share\vm\prims\jvm.cpp, line 1435]
Event: 0.263 Thread 0x0000000002413800 Exception <a 'java/security/PrivilegedActionException'> (0x000000076bb67260) thrown at [C:\re\workspace\8-2-build-windows-amd64-cygwin\jdk8u171\10807\hotspot\src\share\vm\prims\jvm.cpp, line 1435]
Event: 0.263 Thread 0x0000000002413800 Exception <a 'java/security/PrivilegedActionException'> (0x000000076bb67470) thrown at [C:\re\workspace\8-2-build-windows-amd64-cygwin\jdk8u171\10807\hotspot\src\share\vm\prims\jvm.cpp, line 1435]
Event: 4.140 Thread 0x000000001e05d800 Exception <a 'java/lang/NoClassDefFoundError': org/slf4j/impl/StaticLoggerBinder> (0x000000076be25f30) thrown at [C:\re\workspace\8-2-build-windows-amd64-cygwin\jdk8u171\10807\hotspot\src\share\vm\classfile\systemDictionary.cpp, line 199]
Event: 4.190 Thread 0x000000001e05d800 Exception <a 'java/lang/NoClassDefFoundError': org/slf4j/impl/StaticMDCBinder> (0x000000076bedb518) thrown at [C:\re\workspace\8-2-build-windows-amd64-cygwin\jdk8u171\10807\hotspot\src\share\vm\classfile\systemDictionary.cpp, line 199]
Event: 4.229 Thread 0x000000001e05d800 Exception <a 'java/lang/NoSuchFieldError': method resolution failed> (0x000000076bfb0e30) thrown at [C:\re\workspace\8-2-build-windows-amd64-cygwin\jdk8u171\10807\hotspot\src\share\vm\prims\methodHandles.cpp, line 1167]
Event: 4.231 Thread 0x000000001e05d800 Exception <a 'java/lang/NoSuchFieldError': method resolution failed> (0x000000076bfbe550) thrown at [C:\re\workspace\8-2-build-windows-amd64-cygwin\jdk8u171\10807\hotspot\src\share\vm\prims\methodHandles.cpp, line 1167]

Events (10 events):
Event: 5.130 Thread 0x000000001fe4e000 DEOPT PACKING pc=0x00000000026723dc sp=0x0000000020f6d8f0
Event: 5.130 Thread 0x000000001fe4e000 DEOPT UNPACKING pc=0x0000000002557890 sp=0x0000000020f6d710 mode 1
Event: 5.130 loading class de/elo/ix/client/BSerializer_1842783874
Event: 5.130 loading class de/elo/ix/client/BSerializer_1842783874 done
Event: 5.131 Thread 0x000000001fe4e000 DEOPT PACKING pc=0x00000000026978c9 sp=0x0000000020f6db40
Event: 5.131 Thread 0x000000001fe4e000 DEOPT UNPACKING pc=0x0000000002557890 sp=0x0000000020f6d890 mode 1
Event: 5.131 Thread 0x000000001fe4e000 DEOPT PACKING pc=0x0000000002672644 sp=0x0000000020f6dbc0
Event: 5.131 Thread 0x000000001fe4e000 DEOPT UNPACKING pc=0x0000000002557890 sp=0x0000000020f6d9e0 mode 1
Event: 5.131 Thread 0x000000001fe4e000 DEOPT PACKING pc=0x00000000026723dc sp=0x0000000020f6dd50
Event: 5.131 Thread 0x000000001fe4e000 DEOPT UNPACKING pc=0x0000000002557890 sp=0x0000000020f6db70 mode 1


Dynamic libraries:
0x00007ff6eb660000 - 0x00007ff6eb697000 	C:\Program Files\Java\jdk1.8.0_171\bin\java.exe
0x00007ffc49320000 - 0x00007ffc49510000 	C:\WINDOWS\SYSTEM32\ntdll.dll
0x00007ffc49220000 - 0x00007ffc492d2000 	C:\WINDOWS\System32\KERNEL32.DLL
0x00007ffc459e0000 - 0x00007ffc45c85000 	C:\WINDOWS\System32\KERNELBASE.dll
0x00007ffc48b40000 - 0x00007ffc48be3000 	C:\WINDOWS\System32\ADVAPI32.dll
0x00007ffc48c80000 - 0x00007ffc48d1e000 	C:\WINDOWS\System32\msvcrt.dll
0x00007ffc47bc0000 - 0x00007ffc47c57000 	C:\WINDOWS\System32\sechost.dll
0x00007ffc46f80000 - 0x00007ffc4709f000 	C:\WINDOWS\System32\RPCRT4.dll
0x00007ffc47580000 - 0x00007ffc47714000 	C:\WINDOWS\System32\USER32.dll
0x00007ffc45d20000 - 0x00007ffc45d41000 	C:\WINDOWS\System32\win32u.dll
0x00007ffc46aa0000 - 0x00007ffc46ac6000 	C:\WINDOWS\System32\GDI32.dll
0x00007ffc46680000 - 0x00007ffc46818000 	C:\WINDOWS\System32\gdi32full.dll
0x00007ffc46870000 - 0x00007ffc4690e000 	C:\WINDOWS\System32\msvcp_win.dll
0x00007ffc46940000 - 0x00007ffc46a3a000 	C:\WINDOWS\System32\ucrtbase.dll
0x00007ffc361e0000 - 0x00007ffc36464000 	C:\WINDOWS\WinSxS\amd64_microsoft.windows.common-controls_6595b64144ccf1df_6.0.18362.1379_none_9e7ff3b3e45cc0c4\COMCTL32.dll
0x00007ffc47ff0000 - 0x00007ffc48327000 	C:\WINDOWS\System32\combase.dll
0x00007ffc45c90000 - 0x00007ffc45d11000 	C:\WINDOWS\System32\bcryptPrimitives.dll
0x00007ffc47720000 - 0x00007ffc4774e000 	C:\WINDOWS\System32\IMM32.DLL
0x000000005d100000 - 0x000000005d1d2000 	C:\Program Files\Java\jdk1.8.0_171\jre\bin\msvcr100.dll
0x000000005d1e0000 - 0x000000005da80000 	C:\Program Files\Java\jdk1.8.0_171\jre\bin\server\jvm.dll
0x00007ffc48c70000 - 0x00007ffc48c78000 	C:\WINDOWS\System32\PSAPI.DLL
0x00007ffc344f0000 - 0x00007ffc344f9000 	C:\WINDOWS\SYSTEM32\WSOCK32.dll
0x00007ffc44930000 - 0x00007ffc4493a000 	C:\WINDOWS\SYSTEM32\VERSION.dll
0x00007ffc42760000 - 0x00007ffc42784000 	C:\WINDOWS\SYSTEM32\WINMM.dll
0x00007ffc48a20000 - 0x00007ffc48a8f000 	C:\WINDOWS\System32\WS2_32.dll
0x00007ffc42730000 - 0x00007ffc4275d000 	C:\WINDOWS\SYSTEM32\winmmbase.dll
0x00007ffc46820000 - 0x00007ffc4686a000 	C:\WINDOWS\System32\cfgmgr32.dll
0x000000005d0b0000 - 0x000000005d0bf000 	C:\Program Files\Java\jdk1.8.0_171\jre\bin\verify.dll
0x000000005d080000 - 0x000000005d0a9000 	C:\Program Files\Java\jdk1.8.0_171\jre\bin\java.dll
0x000000005cc10000 - 0x000000005cc45000 	C:\Program Files\Java\jdk1.8.0_171\jre\bin\jdwp.dll
0x000000005cd50000 - 0x000000005cd58000 	C:\Program Files\Java\jdk1.8.0_171\jre\bin\npt.dll
0x000000005d060000 - 0x000000005d076000 	C:\Program Files\Java\jdk1.8.0_171\jre\bin\zip.dll
0x00007ffc48330000 - 0x00007ffc48a18000 	C:\WINDOWS\System32\SHELL32.dll
0x00007ffc48a90000 - 0x00007ffc48b37000 	C:\WINDOWS\System32\shcore.dll
0x00007ffc45db0000 - 0x00007ffc4652b000 	C:\WINDOWS\System32\windows.storage.dll
0x00007ffc45870000 - 0x00007ffc45893000 	C:\WINDOWS\System32\profapi.dll
0x00007ffc458c0000 - 0x00007ffc4590a000 	C:\WINDOWS\System32\powrprof.dll
0x00007ffc45840000 - 0x00007ffc45850000 	C:\WINDOWS\System32\UMPDC.dll
0x00007ffc47110000 - 0x00007ffc47162000 	C:\WINDOWS\System32\shlwapi.dll
0x00007ffc45850000 - 0x00007ffc45861000 	C:\WINDOWS\System32\kernel.appcore.dll
0x00007ffc45910000 - 0x00007ffc45927000 	C:\WINDOWS\System32\cryptsp.dll
0x000000005cd90000 - 0x000000005cd9b000 	C:\Program Files\Java\jdk1.8.0_171\jre\bin\dt_shmem.dll
0x000000005d040000 - 0x000000005d05a000 	C:\Program Files\Java\jdk1.8.0_171\jre\bin\net.dll
0x00007ffc45080000 - 0x00007ffc450e7000 	C:\WINDOWS\system32\mswsock.dll
0x00007ffc38820000 - 0x00007ffc38836000 	C:\WINDOWS\system32\napinsp.dll
0x00007ffc38840000 - 0x00007ffc3885a000 	C:\WINDOWS\system32\pnrpnsp.dll
0x00007ffc44d70000 - 0x00007ffc44e3b000 	C:\WINDOWS\SYSTEM32\DNSAPI.dll
0x00007ffc46ec0000 - 0x00007ffc46ec8000 	C:\WINDOWS\System32\NSI.dll
0x00007ffc44d30000 - 0x00007ffc44d6a000 	C:\WINDOWS\SYSTEM32\IPHLPAPI.DLL
0x00007ffc38810000 - 0x00007ffc3881e000 	C:\WINDOWS\System32\winrnr.dll
0x00007ffc42540000 - 0x00007ffc4255c000 	C:\WINDOWS\system32\NLAapi.dll
0x00007ffc38860000 - 0x00007ffc38875000 	C:\WINDOWS\system32\wshbth.dll
0x00007ffc3e780000 - 0x00007ffc3e78a000 	C:\Windows\System32\rasadhlp.dll
0x00007ffc42170000 - 0x00007ffc421e7000 	C:\WINDOWS\System32\fwpuclnt.dll
0x00007ffc46910000 - 0x00007ffc46936000 	C:\WINDOWS\System32\bcrypt.dll
0x00007ffc44ba0000 - 0x00007ffc44bd3000 	C:\WINDOWS\system32\rsaenh.dll
0x00007ffc45760000 - 0x00007ffc45785000 	C:\WINDOWS\SYSTEM32\USERENV.dll
0x00007ffc45250000 - 0x00007ffc4525c000 	C:\WINDOWS\SYSTEM32\CRYPTBASE.dll
0x00007ffc420c0000 - 0x00007ffc420d6000 	C:\WINDOWS\SYSTEM32\dhcpcsvc6.DLL
0x00007ffc420a0000 - 0x00007ffc420bc000 	C:\WINDOWS\SYSTEM32\dhcpcsvc.DLL
0x000000005d020000 - 0x000000005d031000 	C:\Program Files\Java\jdk1.8.0_171\jre\bin\nio.dll
0x000000005cd60000 - 0x000000005cd84000 	C:\Program Files\Java\jdk1.8.0_171\jre\bin\sunec.dll

VM Arguments:
jvm_args: -Xdebug -Xrunjdwp:transport=dt_shmem,address=javadebug -Dfile.encoding=UTF-8 
java_command: de.di.barcodeserver.app.Main
java_class_path (initial): D:\NB_Projects\lib\BARCODEserver\BARCODEserver\commons-httpclient-3.1.jar;D:\NB_Projects\lib\BARCODEserver\BARCODEserver\commons-io-2.4.jar;D:\NB_Projects\lib\BARCODEserver\BARCODEserver\commons-lang3-3.1.jar;D:\NB_Projects\lib\BARCODEserver\BARCODEserver\log4j-1.2.15.jar;D:\NB_Projects\lib\BARCODEserver\BARCODEserver\EloixClient.jar;D:\NB_Projects\lib\BARCODEserver\BARCODEserver\standard.jar;D:\NB_Projects\lib\BARCODEserver\BARCODEserver\commons-codec-1.6.jar;D:\NB_Projects\lib\BARCODEserver\BARCODEserver\itext-2.1.7.jar;D:\NB_Projects\lib\BARCODEserver\BARCODEserver\javautils.jar;D:\NB_Projects\lib\BARCODEserver\BARCODEserver\pdfbox-app-1.8.2.jar;C:\Users\samir.lebaal\Documents\NetBeansProjects\LIB\DOKinformELO20\DokInform20\build\classes;D:\NB_Projects\lib\BARCODEserver\BARCODEserver\slf4j-api-1.7.25.jar;C:\Users\samir.lebaal\Documents\NetBeansProjects\BARCODEserver\BARCODEserver\build\classes
Launcher Type: SUN_STANDARD

Environment Variables:
JAVA_HOME=C:\Program Files\Java\jdk1.8.0_171
CLASSPATH=C:\Program Files\Java\jre1.8.0_171
PATH=C:\Program Files\ELO Java Client\bin;C:\Program Files (x86)\Common Files\Oracle\Java\javapath;C:\ProgramData\Oracle\Java\javapath;C:\xampp\Ruby\bin;C:\DevKit\bin;C:\DevKit\mingw\bin;C:\xampp\Ruby\ImageMagick-6.8.5;D:\ELOprofessional\prog\javaClient\ELO Java Client\bin;D:\ELOprofessional\prog\javaClient\ELO Java Client;C:\Program Files (x86)\Intel\iCLS Client\;C:\Program Files\Intel\iCLS Client\;C:\WINDOWS\system32;C:\WINDOWS;C:\WINDOWS\System32\Wbem;C:\WINDOWS\System32\WindowsPowerShell\v1.0\;C:\Program Files (x86)\Intel\OpenCL SDK\2.0\bin\x86;C:\Program Files (x86)\Intel\OpenCL SDK\2.0\bin\x64;C:\Program Files (x86)\WinSCP\;D:\DEV\doxygen\bin;D:\nodejs\;C:\Program Files (x86)\Java\jre7\bin;C:\Program Files (x86)\Java\jre6\bin;C:\Program Files (x86)\Java\jdk1.6.0_45\bin;C:\Program Files (x86)\Java\jdk1.7.0_80\bin;C:\Program Files (x86)\Java\jre1.8.0_45\bin;C:\Program Files (x86)\Skype\Phone\,%CATALINA_HOME%\bin;C:\Program Files (x86)\Microsoft SQL Server\120\DTS\Binn;D:\OpenSSL-Win64\bin;C:\Program Files\cURL\bin;C:\Program Files\ActiveBarcode;C:\Program Files (x86)\Bitvise SSH Client;C:\Program Files\PostgreSQL\9.6\bin;C:\Program Files\SQL Anywhere 17\bin64;C:\Program Files\SQL Anywhere 17\bin32;C:\WINDOWS\System32\OpenSSH\;C:\Program Files (x86)\Microsoft SQL Server\150\DTS\Binn\;C:\Program Files\Microsoft SQL Server\Client SDK\ODBC\130\Tools\Binn\;C:\Program Files (x86)\Microsoft SQL Server\130\Tools\Binn\;C:\Program Files\Microsoft SQL Server\130\Tools\Binn\;C:\Program Files\Microsoft SQL Server\130\DTS\Binn\;C:\projects\apache-maven-3.6.3\bin;%JAVA_HOME%\bin;C:\Users\samir.lebaal\AppData\Local\Microsoft\WindowsApps;C:\Program Files (x86)\Sophos\Sophos SSL VPN Client\bin;C:\Users\samir.lebaal\AppData\Local\Programs\EmEditor
USERNAME=samir.lebaal
OS=Windows_NT
PROCESSOR_IDENTIFIER=Intel64 Family 6 Model 58 Stepping 9, GenuineIntel



---------------  S Y S T E M  ---------------

OS: Windows 10.0 , 64 bit Build 18362 (10.0.18362.1350)

CPU:total 8 (initial active 8) (4 cores per cpu, 2 threads per core) family 6 model 58 stepping 9, cmov, cx8, fxsr, mmx, sse, sse2, sse3, ssse3, sse4.1, sse4.2, popcnt, avx, aes, clmul, erms, ht, tsc, tscinvbit, tscinv

Memory: 4k page, physical 16621024k(3319412k free), swap 16621024k(5228k free)

vm_info: Java HotSpot(TM) 64-Bit Server VM (25.171-b11) for windows-amd64 JRE (1.8.0_171-b11), built on Mar 28 2018 16:06:12 by "java_re" with MS VC++ 10.0 (VS2010)

time: Thu Feb 25 10:32:55 2021
elapsed time: 5 seconds (0d 0h 0m 5s)

